This is pdfTeX, Version 3.141592653-2.6-1.40.24 (TeX Live 2022) (preloaded format=pdflatex 2022.11.3)  28 JUN 2023 15:46
entering extended mode
 restricted \write18 enabled.
 %&-line parsing enabled.
**C:/Users/aalbon/AppData/Local/Temp/RtmpyoxSdE/file1f2859521576.tex
(c:/Users/aalbon/AppData/Local/Temp/RtmpyoxSdE/file1f2859521576.tex
LaTeX2e <2022-11-01>
L3 programming layer <2022-11-02> (c:/Users/aalbon/AppData/Roaming/TinyTeX/texmf-dist/tex/latex/base/article.cls
Document Class: article 2022/07/02 v1.4n Standard LaTeX document class
(c:/Users/aalbon/AppData/Roaming/TinyTeX/texmf-dist/tex/latex/base/size12.clo
File: size12.clo 2022/07/02 v1.4n Standard LaTeX file (size option)
)
\c@part=\count185
\c@section=\count186
\c@subsection=\count187
\c@subsubsection=\count188
\c@paragraph=\count189
\c@subparagraph=\count190
\c@figure=\count191
\c@table=\count192
\abovecaptionskip=\skip47
\belowcaptionskip=\skip48
\bibindent=\dimen140
) (c:/Users/aalbon/AppData/Roaming/TinyTeX/texmf-dist/tex/latex/amsmath/amsmath.sty
Package: amsmath 2022/04/08 v2.17n AMS math features
\@mathmargin=\skip49
For additional information on amsmath, use the `?' option.
(c:/Users/aalbon/AppData/Roaming/TinyTeX/texmf-dist/tex/latex/amsmath/amstext.sty
Package: amstext 2021/08/26 v2.01 AMS text
(c:/Users/aalbon/AppData/Roaming/TinyTeX/texmf-dist/tex/latex/amsmath/amsgen.sty
File: amsgen.sty 1999/11/30 v2.0 generic functions
\@emptytoks=\toks16
\ex@=\dimen141
)) (c:/Users/aalbon/AppData/Roaming/TinyTeX/texmf-dist/tex/latex/amsmath/amsbsy.sty
Package: amsbsy 1999/11/29 v1.2d Bold Symbols
\pmbraise@=\dimen142
) (c:/Users/aalbon/AppData/Roaming/TinyTeX/texmf-dist/tex/latex/amsmath/amsopn.sty
Package: amsopn 2022/04/08 v2.04 operator names
)
\inf@bad=\count193
LaTeX Info: Redefining \frac on input line 234.
\uproot@=\count194
\leftroot@=\count195
LaTeX Info: Redefining \overline on input line 399.
LaTeX Info: Redefining \colon on input line 410.
\classnum@=\count196
\DOTSCASE@=\count197
LaTeX Info: Redefining \ldots on input line 496.
LaTeX Info: Redefining \dots on input line 499.
LaTeX Info: Redefining \cdots on input line 620.
\Mathstrutbox@=\box51
\strutbox@=\box52
LaTeX Info: Redefining \big on input line 722.
LaTeX Info: Redefining \Big on input line 723.
LaTeX Info: Redefining \bigg on input line 724.
LaTeX Info: Redefining \Bigg on input line 725.
\big@size=\dimen143
LaTeX Font Info:    Redeclaring font encoding OML on input line 743.
LaTeX Font Info:    Redeclaring font encoding OMS on input line 744.
\macc@depth=\count198
LaTeX Info: Redefining \bmod on input line 905.
LaTeX Info: Redefining \pmod on input line 910.
LaTeX Info: Redefining \smash on input line 940.
LaTeX Info: Redefining \relbar on input line 970.
LaTeX Info: Redefining \Relbar on input line 971.
\c@MaxMatrixCols=\count199
\dotsspace@=\muskip16
\c@parentequation=\count266
\dspbrk@lvl=\count267
\tag@help=\toks17
\row@=\count268
\column@=\count269
\maxfields@=\count270
\andhelp@=\toks18
\eqnshift@=\dimen144
\alignsep@=\dimen145
\tagshift@=\dimen146
\tagwidth@=\dimen147
\totwidth@=\dimen148
\lineht@=\dimen149
\@envbody=\toks19
\multlinegap=\skip50
\multlinetaggap=\skip51
\mathdisplay@stack=\toks20
LaTeX Info: Redefining \[ on input line 2953.
LaTeX Info: Redefining \] on input line 2954.
) (c:/Users/aalbon/AppData/Roaming/TinyTeX/texmf-dist/tex/latex/amsfonts/amssymb.sty
Package: amssymb 2013/01/14 v3.01 AMS font symbols
(c:/Users/aalbon/AppData/Roaming/TinyTeX/texmf-dist/tex/latex/amsfonts/amsfonts.sty
Package: amsfonts 2013/01/14 v3.01 Basic AMSFonts support
\symAMSa=\mathgroup4
\symAMSb=\mathgroup5
LaTeX Font Info:    Redeclaring math symbol \hbar on input line 98.
LaTeX Font Info:    Overwriting math alphabet `\mathfrak' in version `bold'
(Font)                  U/euf/m/n --> U/euf/b/n on input line 106.
)) (c:/Users/aalbon/AppData/Roaming/TinyTeX/texmf-dist/tex/generic/iftex/iftex.sty
Package: iftex 2022/02/03 v1.0f TeX engine tests
) (c:/Users/aalbon/AppData/Roaming/TinyTeX/texmf-dist/tex/latex/base/fontenc.sty
Package: fontenc 2021/04/29 v2.0v Standard LaTeX package
) (c:/Users/aalbon/AppData/Roaming/TinyTeX/texmf-dist/tex/latex/base/inputenc.sty
Package: inputenc 2021/02/14 v1.3d Input encoding file
\inpenc@prehook=\toks21
\inpenc@posthook=\toks22
) (c:/Users/aalbon/AppData/Roaming/TinyTeX/texmf-dist/tex/latex/base/textcomp.sty
Package: textcomp 2020/02/02 v2.0n Standard LaTeX package
) (c:/Users/aalbon/AppData/Roaming/TinyTeX/texmf-dist/tex/latex/lm/lmodern.sty
Package: lmodern 2015/05/01 v1.6.1 Latin Modern Fonts
LaTeX Font Info:    Overwriting symbol font `operators' in version `normal'
(Font)                  OT1/cmr/m/n --> OT1/lmr/m/n on input line 22.
LaTeX Font Info:    Overwriting symbol font `letters' in version `normal'
(Font)                  OML/cmm/m/it --> OML/lmm/m/it on input line 23.
LaTeX Font Info:    Overwriting symbol font `symbols' in version `normal'
(Font)                  OMS/cmsy/m/n --> OMS/lmsy/m/n on input line 24.
LaTeX Font Info:    Overwriting symbol font `largesymbols' in version `normal'
(Font)                  OMX/cmex/m/n --> OMX/lmex/m/n on input line 25.
LaTeX Font Info:    Overwriting symbol font `operators' in version `bold'
(Font)                  OT1/cmr/bx/n --> OT1/lmr/bx/n on input line 26.
LaTeX Font Info:    Overwriting symbol font `letters' in version `bold'
(Font)                  OML/cmm/b/it --> OML/lmm/b/it on input line 27.
LaTeX Font Info:    Overwriting symbol font `symbols' in version `bold'
(Font)                  OMS/cmsy/b/n --> OMS/lmsy/b/n on input line 28.
LaTeX Font Info:    Overwriting symbol font `largesymbols' in version `bold'
(Font)                  OMX/cmex/m/n --> OMX/lmex/m/n on input line 29.
LaTeX Font Info:    Overwriting math alphabet `\mathbf' in version `normal'
(Font)                  OT1/cmr/bx/n --> OT1/lmr/bx/n on input line 31.
LaTeX Font Info:    Overwriting math alphabet `\mathsf' in version `normal'
(Font)                  OT1/cmss/m/n --> OT1/lmss/m/n on input line 32.
LaTeX Font Info:    Overwriting math alphabet `\mathit' in version `normal'
(Font)                  OT1/cmr/m/it --> OT1/lmr/m/it on input line 33.
LaTeX Font Info:    Overwriting math alphabet `\mathtt' in version `normal'
(Font)                  OT1/cmtt/m/n --> OT1/lmtt/m/n on input line 34.
LaTeX Font Info:    Overwriting math alphabet `\mathbf' in version `bold'
(Font)                  OT1/cmr/bx/n --> OT1/lmr/bx/n on input line 35.
LaTeX Font Info:    Overwriting math alphabet `\mathsf' in version `bold'
(Font)                  OT1/cmss/bx/n --> OT1/lmss/bx/n on input line 36.
LaTeX Font Info:    Overwriting math alphabet `\mathit' in version `bold'
(Font)                  OT1/cmr/bx/it --> OT1/lmr/bx/it on input line 37.
LaTeX Font Info:    Overwriting math alphabet `\mathtt' in version `bold'
(Font)                  OT1/cmtt/m/n --> OT1/lmtt/m/n on input line 38.
) (c:/Users/aalbon/AppData/Roaming/TinyTeX/texmf-dist/tex/latex/xcolor/xcolor.sty
Package: xcolor 2022/06/12 v2.14 LaTeX color extensions (UK)
(c:/Users/aalbon/AppData/Roaming/TinyTeX/texmf-dist/tex/latex/graphics-cfg/color.cfg
File: color.cfg 2016/01/02 v1.6 sample color configuration
)
Package xcolor Info: Driver file: pdftex.def on input line 227.
(c:/Users/aalbon/AppData/Roaming/TinyTeX/texmf-dist/tex/latex/graphics-def/pdftex.def
File: pdftex.def 2022/09/22 v1.2b Graphics/color driver for pdftex
) (c:/Users/aalbon/AppData/Roaming/TinyTeX/texmf-dist/tex/latex/graphics/mathcolor.ltx)
Package xcolor Info: Model `cmy' substituted by `cmy0' on input line 1353.
Package xcolor Info: Model `hsb' substituted by `rgb' on input line 1357.
Package xcolor Info: Model `RGB' extended on input line 1369.
Package xcolor Info: Model `HTML' substituted by `rgb' on input line 1371.
Package xcolor Info: Model `Hsb' substituted by `hsb' on input line 1372.
Package xcolor Info: Model `tHsb' substituted by `hsb' on input line 1373.
Package xcolor Info: Model `HSB' substituted by `hsb' on input line 1374.
Package xcolor Info: Model `Gray' substituted by `gray' on input line 1375.
Package xcolor Info: Model `wave' substituted by `hsb' on input line 1376.
(c:/Users/aalbon/AppData/Roaming/TinyTeX/texmf-dist/tex/latex/graphics/dvipsnam.def
File: dvipsnam.def 2016/06/17 v3.0m Driver-dependent file (DPC,SPQR)
) (c:/Users/aalbon/AppData/Roaming/TinyTeX/texmf-dist/tex/latex/xcolor/svgnam.def
File: svgnam.def 2022/06/12 v2.14 Predefined colors according to SVG 1.1 (UK)
) (c:/Users/aalbon/AppData/Roaming/TinyTeX/texmf-dist/tex/latex/xcolor/x11nam.def
File: x11nam.def 2022/06/12 v2.14 Predefined colors according to Unix/X11 (UK)
)) (c:/Users/aalbon/AppData/Roaming/TinyTeX/texmf-dist/tex/latex/geometry/geometry.sty
Package: geometry 2020/01/02 v5.9 Page Geometry
(c:/Users/aalbon/AppData/Roaming/TinyTeX/texmf-dist/tex/latex/graphics/keyval.sty
Package: keyval 2022/05/29 v1.15 key=value parser (DPC)
\KV@toks@=\toks23
) (c:/Users/aalbon/AppData/Roaming/TinyTeX/texmf-dist/tex/generic/iftex/ifvtex.sty
Package: ifvtex 2019/10/25 v1.7 ifvtex legacy package. Use iftex instead.
)
\Gm@cnth=\count271
\Gm@cntv=\count272
\c@Gm@tempcnt=\count273
\Gm@bindingoffset=\dimen150
\Gm@wd@mp=\dimen151
\Gm@odd@mp=\dimen152
\Gm@even@mp=\dimen153
\Gm@layoutwidth=\dimen154
\Gm@layoutheight=\dimen155
\Gm@layouthoffset=\dimen156
\Gm@layoutvoffset=\dimen157
\Gm@dimlist=\toks24
) (c:/Users/aalbon/AppData/Roaming/TinyTeX/texmf-dist/tex/latex/graphics/graphicx.sty
Package: graphicx 2021/09/16 v1.2d Enhanced LaTeX Graphics (DPC,SPQR)
(c:/Users/aalbon/AppData/Roaming/TinyTeX/texmf-dist/tex/latex/graphics/graphics.sty
Package: graphics 2022/03/10 v1.4e Standard LaTeX Graphics (DPC,SPQR)
(c:/Users/aalbon/AppData/Roaming/TinyTeX/texmf-dist/tex/latex/graphics/trig.sty
Package: trig 2021/08/11 v1.11 sin cos tan (DPC)
) (c:/Users/aalbon/AppData/Roaming/TinyTeX/texmf-dist/tex/latex/graphics-cfg/graphics.cfg
File: graphics.cfg 2016/06/04 v1.11 sample graphics configuration
)
Package graphics Info: Driver file: pdftex.def on input line 107.
)
\Gin@req@height=\dimen158
\Gin@req@width=\dimen159
) (c:/Users/aalbon/AppData/Roaming/TinyTeX/texmf-dist/tex/latex/tools/longtable.sty
Package: longtable 2021-09-01 v4.17 Multi-page Table package (DPC)
\LTleft=\skip52
\LTright=\skip53
\LTpre=\skip54
\LTpost=\skip55
\LTchunksize=\count274
\LTcapwidth=\dimen160
\LT@head=\box53
\LT@firsthead=\box54
\LT@foot=\box55
\LT@lastfoot=\box56
\LT@gbox=\box57
\LT@cols=\count275
\LT@rows=\count276
\c@LT@tables=\count277
\c@LT@chunks=\count278
\LT@p@ftn=\toks25
) (c:/Users/aalbon/AppData/Roaming/TinyTeX/texmf-dist/tex/latex/l3packages/xparse/xparse.sty (c:/Users/aalbon/AppData/Roaming/TinyTeX/texmf-dist/tex/latex/l3kernel/expl3.sty
Package: expl3 2022-11-02 L3 programming layer (loader) 
(c:/Users/aalbon/AppData/Roaming/TinyTeX/texmf-dist/tex/latex/l3backend/l3backend-pdftex.def
File: l3backend-pdftex.def 2022-10-26 L3 backend support: PDF output (pdfTeX)
\l__color_backend_stack_int=\count279
\l__pdf_internal_box=\box58
))
Package: xparse 2022-06-22 L3 Experimental document command parser
) (c:/Users/aalbon/AppData/Roaming/TinyTeX/texmf-dist/tex/latex/moresize/moresize.sty
Package: moresize 1999/07/26 v1.9 (more font sizes)
) (c:/Users/aalbon/AppData/Roaming/TinyTeX/texmf-dist/tex/latex/setspace/setspace.sty
Package: setspace 2011/12/19 v6.7a set line spacing
) (c:/Users/aalbon/AppData/Roaming/TinyTeX/texmf-dist/tex/latex/tcolorbox/tcolorbox.sty
Package: tcolorbox 2022/06/24 version 5.1.1 text color boxes
(c:/Users/aalbon/AppData/Roaming/TinyTeX/texmf-dist/tex/latex/pgf/basiclayer/pgf.sty (c:/Users/aalbon/AppData/Roaming/TinyTeX/texmf-dist/tex/latex/pgf/utilities/pgfrcs.sty (c:/Users/aalbon/AppData/Roaming/TinyTeX/texmf-dist/tex/generic/pgf/utilities/pgfutil-common.tex
\pgfutil@everybye=\toks26
\pgfutil@tempdima=\dimen161
\pgfutil@tempdimb=\dimen162
(c:/Users/aalbon/AppData/Roaming/TinyTeX/texmf-dist/tex/generic/pgf/utilities/pgfutil-common-lists.tex)) (c:/Users/aalbon/AppData/Roaming/TinyTeX/texmf-dist/tex/generic/pgf/utilities/pgfutil-latex.def
\pgfutil@abb=\box59
) (c:/Users/aalbon/AppData/Roaming/TinyTeX/texmf-dist/tex/generic/pgf/utilities/pgfrcs.code.tex (c:/Users/aalbon/AppData/Roaming/TinyTeX/texmf-dist/tex/generic/pgf/pgf.revision.tex)
Package: pgfrcs 2021/05/15 v3.1.9a (3.1.9a)
))
Package: pgf 2021/05/15 v3.1.9a (3.1.9a)
(c:/Users/aalbon/AppData/Roaming/TinyTeX/texmf-dist/tex/latex/pgf/basiclayer/pgfcore.sty (c:/Users/aalbon/AppData/Roaming/TinyTeX/texmf-dist/tex/latex/pgf/systemlayer/pgfsys.sty (c:/Users/aalbon/AppData/Roaming/TinyTeX/texmf-dist/tex/generic/pgf/systemlayer/pgfsys.code.tex
Package: pgfsys 2021/05/15 v3.1.9a (3.1.9a)
(c:/Users/aalbon/AppData/Roaming/TinyTeX/texmf-dist/tex/generic/pgf/utilities/pgfkeys.code.tex
\pgfkeys@pathtoks=\toks27
\pgfkeys@temptoks=\toks28
(c:/Users/aalbon/AppData/Roaming/TinyTeX/texmf-dist/tex/generic/pgf/utilities/pgfkeysfiltered.code.tex
\pgfkeys@tmptoks=\toks29
))
\pgf@x=\dimen163
\pgf@y=\dimen164
\pgf@xa=\dimen165
\pgf@ya=\dimen166
\pgf@xb=\dimen167
\pgf@yb=\dimen168
\pgf@xc=\dimen169
\pgf@yc=\dimen170
\pgf@xd=\dimen171
\pgf@yd=\dimen172
\w@pgf@writea=\write3
\r@pgf@reada=\read2
\c@pgf@counta=\count280
\c@pgf@countb=\count281
\c@pgf@countc=\count282
\c@pgf@countd=\count283
\t@pgf@toka=\toks30
\t@pgf@tokb=\toks31
\t@pgf@tokc=\toks32
\pgf@sys@id@count=\count284
(c:/Users/aalbon/AppData/Roaming/TinyTeX/texmf-dist/tex/generic/pgf/systemlayer/pgf.cfg
File: pgf.cfg 2021/05/15 v3.1.9a (3.1.9a)
)
Driver file for pgf: pgfsys-pdftex.def
(c:/Users/aalbon/AppData/Roaming/TinyTeX/texmf-dist/tex/generic/pgf/systemlayer/pgfsys-pdftex.def
File: pgfsys-pdftex.def 2021/05/15 v3.1.9a (3.1.9a)
(c:/Users/aalbon/AppData/Roaming/TinyTeX/texmf-dist/tex/generic/pgf/systemlayer/pgfsys-common-pdf.def
File: pgfsys-common-pdf.def 2021/05/15 v3.1.9a (3.1.9a)
))) (c:/Users/aalbon/AppData/Roaming/TinyTeX/texmf-dist/tex/generic/pgf/systemlayer/pgfsyssoftpath.code.tex
File: pgfsyssoftpath.code.tex 2021/05/15 v3.1.9a (3.1.9a)
\pgfsyssoftpath@smallbuffer@items=\count285
\pgfsyssoftpath@bigbuffer@items=\count286
) (c:/Users/aalbon/AppData/Roaming/TinyTeX/texmf-dist/tex/generic/pgf/systemlayer/pgfsysprotocol.code.tex
File: pgfsysprotocol.code.tex 2021/05/15 v3.1.9a (3.1.9a)
)) (c:/Users/aalbon/AppData/Roaming/TinyTeX/texmf-dist/tex/generic/pgf/basiclayer/pgfcore.code.tex
Package: pgfcore 2021/05/15 v3.1.9a (3.1.9a)
(c:/Users/aalbon/AppData/Roaming/TinyTeX/texmf-dist/tex/generic/pgf/math/pgfmath.code.tex (c:/Users/aalbon/AppData/Roaming/TinyTeX/texmf-dist/tex/generic/pgf/math/pgfmathcalc.code.tex (c:/Users/aalbon/AppData/Roaming/TinyTeX/texmf-dist/tex/generic/pgf/math/pgfmathutil.code.tex) (c:/Users/aalbon/AppData/Roaming/TinyTeX/texmf-dist/tex/generic/pgf/math/pgfmathparser.code.tex
\pgfmath@dimen=\dimen173
\pgfmath@count=\count287
\pgfmath@box=\box60
\pgfmath@toks=\toks33
\pgfmath@stack@operand=\toks34
\pgfmath@stack@operation=\toks35
) (c:/Users/aalbon/AppData/Roaming/TinyTeX/texmf-dist/tex/generic/pgf/math/pgfmathfunctions.code.tex (c:/Users/aalbon/AppData/Roaming/TinyTeX/texmf-dist/tex/generic/pgf/math/pgfmathfunctions.basic.code.tex) (c:/Users/aalbon/AppData/Roaming/TinyTeX/texmf-dist/tex/generic/pgf/math/pgfmathfunctions.trigonometric.code.tex) (c:/Users/aalbon/AppData/Roaming/TinyTeX/texmf-dist/tex/generic/pgf/math/pgfmathfunctions.random.code.tex) (c:/Users/aalbon/AppData/Roaming/TinyTeX/texmf-dist/tex/generic/pgf/math/pgfmathfunctions.comparison.code.tex) (c:/Users/aalbon/AppData/Roaming/TinyTeX/texmf-dist/tex/generic/pgf/math/pgfmathfunctions.base.code.tex) (c:/Users/aalbon/AppData/Roaming/TinyTeX/texmf-dist/tex/generic/pgf/math/pgfmathfunctions.round.code.tex) (c:/Users/aalbon/AppData/Roaming/TinyTeX/texmf-dist/tex/generic/pgf/math/pgfmathfunctions.misc.code.tex) (c:/Users/aalbon/AppData/Roaming/TinyTeX/texmf-dist/tex/generic/pgf/math/pgfmathfunctions.integerarithmetics.code.tex))) (c:/Users/aalbon/AppData/Roaming/TinyTeX/texmf-dist/tex/generic/pgf/math/pgfmathfloat.code.tex
\c@pgfmathroundto@lastzeros=\count288
)) (c:/Users/aalbon/AppData/Roaming/TinyTeX/texmf-dist/tex/generic/pgf/math/pgfint.code.tex) (c:/Users/aalbon/AppData/Roaming/TinyTeX/texmf-dist/tex/generic/pgf/basiclayer/pgfcorepoints.code.tex
File: pgfcorepoints.code.tex 2021/05/15 v3.1.9a (3.1.9a)
\pgf@picminx=\dimen174
\pgf@picmaxx=\dimen175
\pgf@picminy=\dimen176
\pgf@picmaxy=\dimen177
\pgf@pathminx=\dimen178
\pgf@pathmaxx=\dimen179
\pgf@pathminy=\dimen180
\pgf@pathmaxy=\dimen181
\pgf@xx=\dimen182
\pgf@xy=\dimen183
\pgf@yx=\dimen184
\pgf@yy=\dimen185
\pgf@zx=\dimen186
\pgf@zy=\dimen187
) (c:/Users/aalbon/AppData/Roaming/TinyTeX/texmf-dist/tex/generic/pgf/basiclayer/pgfcorepathconstruct.code.tex
File: pgfcorepathconstruct.code.tex 2021/05/15 v3.1.9a (3.1.9a)
\pgf@path@lastx=\dimen188
\pgf@path@lasty=\dimen189
) (c:/Users/aalbon/AppData/Roaming/TinyTeX/texmf-dist/tex/generic/pgf/basiclayer/pgfcorepathusage.code.tex
File: pgfcorepathusage.code.tex 2021/05/15 v3.1.9a (3.1.9a)
\pgf@shorten@end@additional=\dimen190
\pgf@shorten@start@additional=\dimen191
) (c:/Users/aalbon/AppData/Roaming/TinyTeX/texmf-dist/tex/generic/pgf/basiclayer/pgfcorescopes.code.tex
File: pgfcorescopes.code.tex 2021/05/15 v3.1.9a (3.1.9a)
\pgfpic=\box61
\pgf@hbox=\box62
\pgf@layerbox@main=\box63
\pgf@picture@serial@count=\count289
) (c:/Users/aalbon/AppData/Roaming/TinyTeX/texmf-dist/tex/generic/pgf/basiclayer/pgfcoregraphicstate.code.tex
File: pgfcoregraphicstate.code.tex 2021/05/15 v3.1.9a (3.1.9a)
\pgflinewidth=\dimen192
) (c:/Users/aalbon/AppData/Roaming/TinyTeX/texmf-dist/tex/generic/pgf/basiclayer/pgfcoretransformations.code.tex
File: pgfcoretransformations.code.tex 2021/05/15 v3.1.9a (3.1.9a)
\pgf@pt@x=\dimen193
\pgf@pt@y=\dimen194
\pgf@pt@temp=\dimen195
) (c:/Users/aalbon/AppData/Roaming/TinyTeX/texmf-dist/tex/generic/pgf/basiclayer/pgfcorequick.code.tex
File: pgfcorequick.code.tex 2021/05/15 v3.1.9a (3.1.9a)
) (c:/Users/aalbon/AppData/Roaming/TinyTeX/texmf-dist/tex/generic/pgf/basiclayer/pgfcoreobjects.code.tex
File: pgfcoreobjects.code.tex 2021/05/15 v3.1.9a (3.1.9a)
) (c:/Users/aalbon/AppData/Roaming/TinyTeX/texmf-dist/tex/generic/pgf/basiclayer/pgfcorepathprocessing.code.tex
File: pgfcorepathprocessing.code.tex 2021/05/15 v3.1.9a (3.1.9a)
) (c:/Users/aalbon/AppData/Roaming/TinyTeX/texmf-dist/tex/generic/pgf/basiclayer/pgfcorearrows.code.tex
File: pgfcorearrows.code.tex 2021/05/15 v3.1.9a (3.1.9a)
\pgfarrowsep=\dimen196
) (c:/Users/aalbon/AppData/Roaming/TinyTeX/texmf-dist/tex/generic/pgf/basiclayer/pgfcoreshade.code.tex
File: pgfcoreshade.code.tex 2021/05/15 v3.1.9a (3.1.9a)
\pgf@max=\dimen197
\pgf@sys@shading@range@num=\count290
\pgf@shadingcount=\count291
) (c:/Users/aalbon/AppData/Roaming/TinyTeX/texmf-dist/tex/generic/pgf/basiclayer/pgfcoreimage.code.tex
File: pgfcoreimage.code.tex 2021/05/15 v3.1.9a (3.1.9a)
(c:/Users/aalbon/AppData/Roaming/TinyTeX/texmf-dist/tex/generic/pgf/basiclayer/pgfcoreexternal.code.tex
File: pgfcoreexternal.code.tex 2021/05/15 v3.1.9a (3.1.9a)
\pgfexternal@startupbox=\box64
)) (c:/Users/aalbon/AppData/Roaming/TinyTeX/texmf-dist/tex/generic/pgf/basiclayer/pgfcorelayers.code.tex
File: pgfcorelayers.code.tex 2021/05/15 v3.1.9a (3.1.9a)
) (c:/Users/aalbon/AppData/Roaming/TinyTeX/texmf-dist/tex/generic/pgf/basiclayer/pgfcoretransparency.code.tex
File: pgfcoretransparency.code.tex 2021/05/15 v3.1.9a (3.1.9a)
) (c:/Users/aalbon/AppData/Roaming/TinyTeX/texmf-dist/tex/generic/pgf/basiclayer/pgfcorepatterns.code.tex
File: pgfcorepatterns.code.tex 2021/05/15 v3.1.9a (3.1.9a)
) (c:/Users/aalbon/AppData/Roaming/TinyTeX/texmf-dist/tex/generic/pgf/basiclayer/pgfcorerdf.code.tex
File: pgfcorerdf.code.tex 2021/05/15 v3.1.9a (3.1.9a)
))) (c:/Users/aalbon/AppData/Roaming/TinyTeX/texmf-dist/tex/generic/pgf/modules/pgfmoduleshapes.code.tex
File: pgfmoduleshapes.code.tex 2021/05/15 v3.1.9a (3.1.9a)
\pgfnodeparttextbox=\box65
) (c:/Users/aalbon/AppData/Roaming/TinyTeX/texmf-dist/tex/generic/pgf/modules/pgfmoduleplot.code.tex
File: pgfmoduleplot.code.tex 2021/05/15 v3.1.9a (3.1.9a)
) (c:/Users/aalbon/AppData/Roaming/TinyTeX/texmf-dist/tex/latex/pgf/compatibility/pgfcomp-version-0-65.sty
Package: pgfcomp-version-0-65 2021/05/15 v3.1.9a (3.1.9a)
\pgf@nodesepstart=\dimen198
\pgf@nodesepend=\dimen199
) (c:/Users/aalbon/AppData/Roaming/TinyTeX/texmf-dist/tex/latex/pgf/compatibility/pgfcomp-version-1-18.sty
Package: pgfcomp-version-1-18 2021/05/15 v3.1.9a (3.1.9a)
)) (c:/Users/aalbon/AppData/Roaming/TinyTeX/texmf-dist/tex/latex/tools/verbatim.sty
Package: verbatim 2022-07-02 v1.5u LaTeX2e package for verbatim enhancements
\every@verbatim=\toks36
\verbatim@line=\toks37
\verbatim@in@stream=\read3
) (c:/Users/aalbon/AppData/Roaming/TinyTeX/texmf-dist/tex/latex/environ/environ.sty
Package: environ 2014/05/04 v0.3 A new way to define environments
(c:/Users/aalbon/AppData/Roaming/TinyTeX/texmf-dist/tex/latex/trimspaces/trimspaces.sty
Package: trimspaces 2009/09/17 v1.1 Trim spaces around a token list
)) (c:/Users/aalbon/AppData/Roaming/TinyTeX/texmf-dist/tex/latex/etoolbox/etoolbox.sty
Package: etoolbox 2020/10/05 v2.5k e-TeX tools for LaTeX (JAW)
\etb@tempcnta=\count292
)
\tcb@titlebox=\box66
\tcb@upperbox=\box67
\tcb@lowerbox=\box68
\tcb@phantombox=\box69
\c@tcbbreakpart=\count293
\c@tcblayer=\count294
\c@tcolorbox@number=\count295
\tcb@temp=\box70
\tcb@temp=\box71
\tcb@temp=\box72
\tcb@temp=\box73
) (c:/Users/aalbon/AppData/Roaming/TinyTeX/texmf-dist/tex/latex/wrapfig/wrapfig.sty
\wrapoverhang=\dimen256
\WF@size=\dimen257
\c@WF@wrappedlines=\count296
\WF@box=\box74
\WF@everypar=\toks38
Package: wrapfig 2003/01/31  v 3.6
) (c:/Users/aalbon/AppData/Roaming/TinyTeX/texmf-dist/tex/latex/psnfss/helvet.sty
Package: helvet 2020/03/25 PSNFSS-v9.3 (WaS) 
) (c:/Users/aalbon/AppData/Roaming/TinyTeX/texmf-dist/tex/latex/sectsty/sectsty.sty
Package: sectsty 2002/02/25 v2.0.2 Commands to change all sectional heading styles

LaTeX Warning: Command \underbar  has changed.
               Check if current package is valid.


LaTeX Warning: Command \underline  has changed.
               Check if current package is valid.

) (c:/Users/aalbon/AppData/Roaming/TinyTeX/texmf-dist/tex/latex/fancyhdr/fancyhdr.sty
Package: fancyhdr 2022/11/09 v4.1 Extensive control of page headers and footers
\f@nch@headwidth=\skip56
\f@nch@O@elh=\skip57
\f@nch@O@erh=\skip58
\f@nch@O@olh=\skip59
\f@nch@O@orh=\skip60
\f@nch@O@elf=\skip61
\f@nch@O@erf=\skip62
\f@nch@O@olf=\skip63
\f@nch@O@orf=\skip64
) (c:/Users/aalbon/AppData/Roaming/TinyTeX/texmf-dist/tex/latex/xpatch/xpatch.sty
Package: xpatch 2020/03/25 v0.3a Extending etoolbox patching commands
) (c:/Users/aalbon/AppData/Roaming/TinyTeX/texmf-dist/tex/latex/booktabs/booktabs.sty
Package: booktabs 2020/01/12 v1.61803398 Publication quality tables
\heavyrulewidth=\dimen258
\lightrulewidth=\dimen259
\cmidrulewidth=\dimen260
\belowrulesep=\dimen261
\belowbottomsep=\dimen262
\aboverulesep=\dimen263
\abovetopsep=\dimen264
\cmidrulesep=\dimen265
\cmidrulekern=\dimen266
\defaultaddspace=\dimen267
\@cmidla=\count297
\@cmidlb=\count298
\@aboverulesep=\dimen268
\@belowrulesep=\dimen269
\@thisruleclass=\count299
\@lastruleclass=\count300
\@thisrulewidth=\dimen270
) (c:/Users/aalbon/AppData/Roaming/TinyTeX/texmf-dist/tex/latex/floatrow/floatrow.sty
Package: floatrow 2008/08/02 v0.3b floatrow: float package extension
(c:/Users/aalbon/AppData/Roaming/TinyTeX/texmf-dist/tex/latex/caption/caption3.sty
Package: caption3 2022/03/17 v2.3b caption3 kernel (AR)
\caption@tempdima=\dimen271
\captionmargin=\dimen272
\caption@leftmargin=\dimen273
\caption@rightmargin=\dimen274
\caption@width=\dimen275
\caption@indent=\dimen276
\caption@parindent=\dimen277
\caption@hangindent=\dimen278
Package caption Info: Standard document class detected.
)
\c@float@type=\count301
\float@exts=\toks39
\float@box=\box75
\@floatcapt=\box76
Package floatrow Info: Modified float package code loaded on input line 455.
Package floatrow Info: Modified rotfloat package code loaded on input line 473.
\FR@everyfloat=\toks40
\flrow@foot=\insert252
\FB@wd=\dimen279
\FBo@wd=\dimen280
\FBc@wd=\dimen281
\FBo@ht=\skip65
\FBc@ht=\skip66
\FBf@ht=\skip67
\FBo@max=\skip68
\FBc@max=\skip69
\FBf@max=\skip70
\c@FBl@b=\count302
\floatbox@depth=\count303
\c@FRobj=\count304
\c@FRsobj=\count305
\Xhsize=\skip71
\sXhsize=\skip72
\Zhsize=\skip73
\sZhsize=\skip74
\flrow@rowbox=\box77
\FR@Zunitlength=\dimen282
\c@FBcnt=\count306
\FPOScnt=\count307
\LTleft=\skip75
\LTright=\skip76
\LTleft=\skip77
\LTright=\skip78
\flrow@types=\toks41
) (c:/Users/aalbon/AppData/Roaming/TinyTeX/texmf-dist/tex/latex/tocloft/tocloft.sty
Package: tocloft 2017/08/31 v2.3i parameterised ToC, etc., typesetting
Package tocloft Info: The document has section divisions on input line 51.
\cftparskip=\skip79
\cftbeforetoctitleskip=\skip80
\cftaftertoctitleskip=\skip81
\cftbeforepartskip=\skip82
\cftpartnumwidth=\skip83
\cftpartindent=\skip84
\cftbeforesecskip=\skip85
\cftsecindent=\skip86
\cftsecnumwidth=\skip87
\cftbeforesubsecskip=\skip88
\cftsubsecindent=\skip89
\cftsubsecnumwidth=\skip90
\cftbeforesubsubsecskip=\skip91
\cftsubsubsecindent=\skip92
\cftsubsubsecnumwidth=\skip93
\cftbeforeparaskip=\skip94
\cftparaindent=\skip95
\cftparanumwidth=\skip96
\cftbeforesubparaskip=\skip97
\cftsubparaindent=\skip98
\cftsubparanumwidth=\skip99
\cftbeforeloftitleskip=\skip100
\cftafterloftitleskip=\skip101
\cftbeforefigskip=\skip102
\cftfigindent=\skip103
\cftfignumwidth=\skip104
\c@lofdepth=\count308
\c@lotdepth=\count309
\cftbeforelottitleskip=\skip105
\cftafterlottitleskip=\skip106
\cftbeforetabskip=\skip107
\cfttabindent=\skip108
\cfttabnumwidth=\skip109
) (c:/Users/aalbon/AppData/Roaming/TinyTeX/texmf-dist/tex/latex/cellspace/cellspace.sty
Package: cellspace 2022/01/04 v1.9.0 Spacing table cells (JN)
(c:/Users/aalbon/AppData/Roaming/TinyTeX/texmf-dist/tex/latex/base/ifthen.sty
Package: ifthen 2022/04/13 v1.1d Standard LaTeX ifthen package (DPC)
) (c:/Users/aalbon/AppData/Roaming/TinyTeX/texmf-dist/tex/latex/tools/array.sty
Package: array 2022/09/04 v2.5g Tabular extension package (FMi)
\col@sep=\dimen283
\ar@mcellbox=\box78
\extrarowheight=\dimen284
\NC@list=\toks42
\extratabsurround=\skip110
\backup@length=\skip111
\ar@cellbox=\box79
) (c:/Users/aalbon/AppData/Roaming/TinyTeX/texmf-dist/tex/latex/tools/calc.sty
Package: calc 2017/05/25 v4.3 Infix arithmetic (KKT,FJ)
\calc@Acount=\count310
\calc@Bcount=\count311
\calc@Adimen=\dimen285
\calc@Bdimen=\dimen286
\calc@Askip=\skip112
\calc@Bskip=\skip113
LaTeX Info: Redefining \setlength on input line 80.
LaTeX Info: Redefining \addtolength on input line 81.
\calc@Ccount=\count312
\calc@Cskip=\skip114
) (c:/Users/aalbon/AppData/Roaming/TinyTeX/texmf-dist/tex/latex/xkeyval/xkeyval.sty
Package: xkeyval 2022/06/16 v2.9 package option processing (HA)
(c:/Users/aalbon/AppData/Roaming/TinyTeX/texmf-dist/tex/generic/xkeyval/xkeyval.tex (c:/Users/aalbon/AppData/Roaming/TinyTeX/texmf-dist/tex/generic/xkeyval/xkvutils.tex
\XKV@toks=\toks43
\XKV@tempa@toks=\toks44
)
\XKV@depth=\count313
File: xkeyval.tex 2014/12/03 v2.7a key=value parser (HA)
))
\cellspacetoplimit=\dimen287
\cellspacebottomlimit=\dimen288
\cellspace@firstht=\dimen289
\cellspace@lastdp=\dimen290
) (c:/Users/aalbon/AppData/Roaming/TinyTeX/texmf-dist/tex/latex/hyperref/hyperref.sty
Package: hyperref 2022-11-13 v7.00u Hypertext links for LaTeX
(c:/Users/aalbon/AppData/Roaming/TinyTeX/texmf-dist/tex/generic/ltxcmds/ltxcmds.sty
Package: ltxcmds 2020-05-10 v1.25 LaTeX kernel commands for general use (HO)
) (c:/Users/aalbon/AppData/Roaming/TinyTeX/texmf-dist/tex/generic/pdftexcmds/pdftexcmds.sty
Package: pdftexcmds 2020-06-27 v0.33 Utility functions of pdfTeX for LuaTeX (HO)
(c:/Users/aalbon/AppData/Roaming/TinyTeX/texmf-dist/tex/generic/infwarerr/infwarerr.sty
Package: infwarerr 2019/12/03 v1.5 Providing info/warning/error messages (HO)
)
Package pdftexcmds Info: \pdf@primitive is available.
Package pdftexcmds Info: \pdf@ifprimitive is available.
Package pdftexcmds Info: \pdfdraftmode found.
) (c:/Users/aalbon/AppData/Roaming/TinyTeX/texmf-dist/tex/latex/kvsetkeys/kvsetkeys.sty
Package: kvsetkeys 2022-10-05 v1.19 Key value parser (HO)
) (c:/Users/aalbon/AppData/Roaming/TinyTeX/texmf-dist/tex/generic/kvdefinekeys/kvdefinekeys.sty
Package: kvdefinekeys 2019-12-19 v1.6 Define keys (HO)
) (c:/Users/aalbon/AppData/Roaming/TinyTeX/texmf-dist/tex/generic/pdfescape/pdfescape.sty
Package: pdfescape 2019/12/09 v1.15 Implements pdfTeX's escape features (HO)
) (c:/Users/aalbon/AppData/Roaming/TinyTeX/texmf-dist/tex/latex/hycolor/hycolor.sty
Package: hycolor 2020-01-27 v1.10 Color options for hyperref/bookmark (HO)
) (c:/Users/aalbon/AppData/Roaming/TinyTeX/texmf-dist/tex/latex/letltxmacro/letltxmacro.sty
Package: letltxmacro 2019/12/03 v1.6 Let assignment for LaTeX macros (HO)
) (c:/Users/aalbon/AppData/Roaming/TinyTeX/texmf-dist/tex/latex/auxhook/auxhook.sty
Package: auxhook 2019-12-17 v1.6 Hooks for auxiliary files (HO)
) (c:/Users/aalbon/AppData/Roaming/TinyTeX/texmf-dist/tex/latex/hyperref/nameref.sty
Package: nameref 2022-05-17 v2.50 Cross-referencing by name of section
(c:/Users/aalbon/AppData/Roaming/TinyTeX/texmf-dist/tex/latex/refcount/refcount.sty
Package: refcount 2019/12/15 v3.6 Data extraction from label references (HO)
) (c:/Users/aalbon/AppData/Roaming/TinyTeX/texmf-dist/tex/generic/gettitlestring/gettitlestring.sty
Package: gettitlestring 2019/12/15 v1.6 Cleanup title references (HO)
(c:/Users/aalbon/AppData/Roaming/TinyTeX/texmf-dist/tex/latex/kvoptions/kvoptions.sty
Package: kvoptions 2022-06-15 v3.15 Key value format for package options (HO)
))
\c@section@level=\count314
)
\@linkdim=\dimen291
\Hy@linkcounter=\count315
\Hy@pagecounter=\count316
(c:/Users/aalbon/AppData/Roaming/TinyTeX/texmf-dist/tex/latex/hyperref/pd1enc.def
File: pd1enc.def 2022-11-13 v7.00u Hyperref: PDFDocEncoding definition (HO)
Now handling font encoding PD1 ...
... no UTF-8 mapping file for font encoding PD1
) (c:/Users/aalbon/AppData/Roaming/TinyTeX/texmf-dist/tex/generic/intcalc/intcalc.sty
Package: intcalc 2019/12/15 v1.3 Expandable calculations with integers (HO)
) (c:/Users/aalbon/AppData/Roaming/TinyTeX/texmf-dist/tex/generic/etexcmds/etexcmds.sty
Package: etexcmds 2019/12/15 v1.7 Avoid name clashes with e-TeX commands (HO)
)
\Hy@SavedSpaceFactor=\count317
(c:/Users/aalbon/AppData/Roaming/TinyTeX/texmf-dist/tex/latex/hyperref/puenc.def
File: puenc.def 2022-11-13 v7.00u Hyperref: PDF Unicode definition (HO)
Now handling font encoding PU ...
... no UTF-8 mapping file for font encoding PU
)
Package hyperref Info: Option `unicode' set `true' on input line 4045.
Package hyperref Info: Hyper figures OFF on input line 4162.
Package hyperref Info: Link nesting OFF on input line 4167.
Package hyperref Info: Hyper index ON on input line 4170.
Package hyperref Info: Plain pages OFF on input line 4177.
Package hyperref Info: Backreferencing OFF on input line 4182.
Package hyperref Info: Implicit mode ON; LaTeX internals redefined.
Package hyperref Info: Bookmarks ON on input line 4410.
\c@Hy@tempcnt=\count318
(c:/Users/aalbon/AppData/Roaming/TinyTeX/texmf-dist/tex/latex/url/url.sty
\Urlmuskip=\muskip17
Package: url 2013/09/16  ver 3.4  Verb mode for urls, etc.
)
LaTeX Info: Redefining \url on input line 4748.
\XeTeXLinkMargin=\dimen292
(c:/Users/aalbon/AppData/Roaming/TinyTeX/texmf-dist/tex/generic/bitset/bitset.sty
Package: bitset 2019/12/09 v1.3 Handle bit-vector datatype (HO)
(c:/Users/aalbon/AppData/Roaming/TinyTeX/texmf-dist/tex/generic/bigintcalc/bigintcalc.sty
Package: bigintcalc 2019/12/15 v1.5 Expandable calculations on big integers (HO)
))
\Fld@menulength=\count319
\Field@Width=\dimen293
\Fld@charsize=\dimen294
Package hyperref Info: Hyper figures OFF on input line 6027.
Package hyperref Info: Link nesting OFF on input line 6032.
Package hyperref Info: Hyper index ON on input line 6035.
Package hyperref Info: backreferencing OFF on input line 6042.
Package hyperref Info: Link coloring OFF on input line 6047.
Package hyperref Info: Link coloring with OCG OFF on input line 6052.
Package hyperref Info: PDF/A mode OFF on input line 6057.
(c:/Users/aalbon/AppData/Roaming/TinyTeX/texmf-dist/tex/latex/base/atbegshi-ltx.sty
Package: atbegshi-ltx 2021/01/10 v1.0c Emulation of the original atbegshi
package with kernel methods
)
\Hy@abspage=\count320
\c@Item=\count321
\c@Hfootnote=\count322
)
Package hyperref Info: Driver (autodetected): hpdftex.
(c:/Users/aalbon/AppData/Roaming/TinyTeX/texmf-dist/tex/latex/hyperref/hpdftex.def
File: hpdftex.def 2022-11-13 v7.00u Hyperref driver for pdfTeX
(c:/Users/aalbon/AppData/Roaming/TinyTeX/texmf-dist/tex/latex/base/atveryend-ltx.sty
Package: atveryend-ltx 2020/08/19 v1.0a Emulation of the original atveryend package
with kernel methods
)
\Fld@listcount=\count323
\c@bookmark@seq@number=\count324
(c:/Users/aalbon/AppData/Roaming/TinyTeX/texmf-dist/tex/latex/rerunfilecheck/rerunfilecheck.sty
Package: rerunfilecheck 2022-07-10 v1.10 Rerun checks for auxiliary files (HO)
(c:/Users/aalbon/AppData/Roaming/TinyTeX/texmf-dist/tex/generic/uniquecounter/uniquecounter.sty
Package: uniquecounter 2019/12/15 v1.4 Provide unlimited unique counter (HO)
)
Package uniquecounter Info: New unique counter `rerunfilecheck' on input line 285.
)
\Hy@SectionHShift=\skip115
)
Package hyperref Info: Option `colorlinks' set `true' on input line 109.
LaTeX Font Info:    Trying to load font information for T1+phv on input line 116.
(c:/Users/aalbon/AppData/Roaming/TinyTeX/texmf-dist/tex/latex/psnfss/t1phv.fd
File: t1phv.fd 2020/03/25 scalable font definitions for T1/phv.
) (./file1f2859521576.aux)
\openout1 = `file1f2859521576.aux'.

LaTeX Font Info:    Checking defaults for OML/cmm/m/it on input line 116.
LaTeX Font Info:    ... okay on input line 116.
LaTeX Font Info:    Checking defaults for OMS/cmsy/m/n on input line 116.
LaTeX Font Info:    ... okay on input line 116.
LaTeX Font Info:    Checking defaults for OT1/cmr/m/n on input line 116.
LaTeX Font Info:    ... okay on input line 116.
LaTeX Font Info:    Checking defaults for T1/cmr/m/n on input line 116.
LaTeX Font Info:    ... okay on input line 116.
LaTeX Font Info:    Checking defaults for TS1/cmr/m/n on input line 116.
LaTeX Font Info:    ... okay on input line 116.
LaTeX Font Info:    Checking defaults for OMX/cmex/m/n on input line 116.
LaTeX Font Info:    ... okay on input line 116.
LaTeX Font Info:    Checking defaults for U/cmr/m/n on input line 116.
LaTeX Font Info:    ... okay on input line 116.
LaTeX Font Info:    Checking defaults for PD1/pdf/m/n on input line 116.
LaTeX Font Info:    ... okay on input line 116.
LaTeX Font Info:    Checking defaults for PU/pdf/m/n on input line 116.
LaTeX Font Info:    ... okay on input line 116.
(c:/Users/aalbon/AppData/Roaming/TinyTeX/texmf-dist/tex/latex/epstopdf-pkg/epstopdf-base.sty
Package: epstopdf-base 2020-01-24 v2.11 Base part for package epstopdf
Package epstopdf-base Info: Redefining graphics rule for `.eps' on input line 485.
(c:/Users/aalbon/AppData/Roaming/TinyTeX/texmf-dist/tex/latex/latexconfig/epstopdf-sys.cfg
File: epstopdf-sys.cfg 2010/07/13 v1.3 Configuration of (r)epstopdf for TeX Live
))
*geometry* driver: auto-detecting
*geometry* detected driver: pdftex
*geometry* verbose mode - [ preamble ] result:
* driver: pdftex
* paper: <default>
* layout: <same size as paper>
* layoutoffset:(h,v)=(0.0pt,0.0pt)
* modes: 
* h-part:(L,W,R)=(72.26999pt, 469.75502pt, 72.26999pt)
* v-part:(T,H,B)=(72.26999pt, 650.43001pt, 72.26999pt)
* \paperwidth=614.295pt
* \paperheight=794.96999pt
* \textwidth=469.75502pt
* \textheight=650.43001pt
* \oddsidemargin=0.0pt
* \evensidemargin=0.0pt
* \topmargin=-37.0pt
* \headheight=12.0pt
* \headsep=25.0pt
* \topskip=12.0pt
* \footskip=30.0pt
* \marginparwidth=44.0pt
* \marginparsep=10.0pt
* \columnsep=10.0pt
* \skip\footins=10.8pt plus 4.0pt minus 2.0pt
* \hoffset=0.0pt
* \voffset=0.0pt
* \mag=1000
* \@twocolumnfalse
* \@twosidefalse
* \@mparswitchfalse
* \@reversemarginfalse
* (1in=72.27pt=25.4mm, 1cm=28.453pt)

Package caption Info: Begin \AtBeginDocument code.
Package caption Info: End \AtBeginDocument code.
(c:/Users/aalbon/AppData/Roaming/TinyTeX/texmf-dist/tex/latex/floatrow/fr-longtable.sty
Package: fr-longtable 2007/11/28 v0.1b (beta) floatrow: additions for longtable
\flrow@LT@lasthead=\box80
\flrow@LT@prelastfoot=\box81
\c@FBLTpage=\count325
)
Package hyperref Info: Link coloring ON on input line 116.
(./file1f2859521576.out) (./file1f2859521576.out)
\@outlinefile=\write4
\openout4 = `file1f2859521576.out'.

<www/images/Department_for_Education.png, id=51, 1204.5pt x 712.6625pt>
File: www/images/Department_for_Education.png Graphic file (type png)
<use www/images/Department_for_Education.png>
Package pdftex.def Info: www/images/Department_for_Education.png  used on input line 119.
(pdftex.def)             Requested size: 469.75311pt x 277.93726pt.
LaTeX Font Info:    Font shape `T1/phv/m/it' in size <12> not available
(Font)              Font shape `T1/phv/m/sl' tried instead on input line 129.

Package fancyhdr Warning: \headheight is too small (12.0pt): 
(fancyhdr)                Make it at least 14.49998pt, for example:
(fancyhdr)                \setlength{\headheight}{14.49998pt}.
(fancyhdr)                You might also make \topmargin smaller to compensate:
(fancyhdr)                \addtolength{\topmargin}{-2.49998pt}.

LaTeX Font Info:    Trying to load font information for T1+lmr on input line 129.
(c:/Users/aalbon/AppData/Roaming/TinyTeX/texmf-dist/tex/latex/lm/t1lmr.fd
File: t1lmr.fd 2015/05/01 v1.6.1 Font defs for Latin Modern
) [1

{c:/Users/aalbon/AppData/Roaming/TinyTeX/texmf-var/fonts/map/pdftex/updmap/pdftex.map} <./www/images/Department_for_Education.png>]
<C:/Users/aalbon/AppData/Local/Temp/RtmpyoxSdE/file1f2859521576_files/figure-latex/gauge_chart_neetnk-1.pdf, id=61, 863.225pt x 301.125pt>
File: C:/Users/aalbon/AppData/Local/Temp/RtmpyoxSdE/file1f2859521576_files/figure-latex/gauge_chart_neetnk-1.pdf Graphic file (type pdf)
<use C:/Users/aalbon/AppData/Local/Temp/RtmpyoxSdE/file1f2859521576_files/figure-latex/gauge_chart_neetnk-1.pdf>
Package pdftex.def Info: C:/Users/aalbon/AppData/Local/Temp/RtmpyoxSdE/file1f2859521576_files/figure-latex/gauge_chart_neetnk-1.pdf  used on input line 135.
(pdftex.def)             Requested size: 587.20917pt x 204.8404pt.

Overfull \hbox (117.45415pt too wide) in paragraph at lines 135--136
[] 
 []

<C:/Users/aalbon/AppData/Local/Temp/RtmpyoxSdE/file1f2859521576_files/figure-latex/gauge_chart_neet-1.pdf, id=62, 963.6pt x 301.125pt>
File: C:/Users/aalbon/AppData/Local/Temp/RtmpyoxSdE/file1f2859521576_files/figure-latex/gauge_chart_neet-1.pdf Graphic file (type pdf)
<use C:/Users/aalbon/AppData/Local/Temp/RtmpyoxSdE/file1f2859521576_files/figure-latex/gauge_chart_neet-1.pdf>
Package pdftex.def Info: C:/Users/aalbon/AppData/Local/Temp/RtmpyoxSdE/file1f2859521576_files/figure-latex/gauge_chart_neet-1.pdf  used on input line 160.
(pdftex.def)             Requested size: 469.75679pt x 146.79898pt.

Underfull \hbox (badness 4872) in paragraph at lines 207--207
[]\T1/phv/b/n/12 Annual changes are since end
 []


Underfull \hbox (badness 4872) in paragraph at lines 207--207
[]\T1/phv/b/n/12 Annual changes are since end
 []


Package fancyhdr Warning: \headheight is too small (12.0pt): 
(fancyhdr)                Make it at least 14.49998pt, for example:
(fancyhdr)                \setlength{\headheight}{14.49998pt}.
(fancyhdr)                You might also make \topmargin smaller to compensate:
(fancyhdr)                \addtolength{\topmargin}{-2.49998pt}.

[2 <c:/Users/aalbon/AppData/Local/Temp/RtmpyoxSdE/file1f2859521576_files/figure-latex/gauge_chart_neetnk-1.pdf> <c:/Users/aalbon/AppData/Local/Temp/RtmpyoxSdE/file1f2859521576_files/figure-latex/gauge_chart_neet-1.pdf>]
<C:/Users/aalbon/AppData/Local/Temp/RtmpyoxSdE/file1f2859521576_files/figure-latex/bar_chart_vuln-1.pdf, id=89, 469.755pt x 325.215pt>
File: C:/Users/aalbon/AppData/Local/Temp/RtmpyoxSdE/file1f2859521576_files/figure-latex/bar_chart_vuln-1.pdf Graphic file (type pdf)
<use C:/Users/aalbon/AppData/Local/Temp/RtmpyoxSdE/file1f2859521576_files/figure-latex/bar_chart_vuln-1.pdf>
Package pdftex.def Info: C:/Users/aalbon/AppData/Local/Temp/RtmpyoxSdE/file1f2859521576_files/figure-latex/bar_chart_vuln-1.pdf  used on input line 216.
(pdftex.def)             Requested size: 276.21407pt x 191.22511pt.

Overfull \hbox (13.1524pt too wide) in paragraph at lines 216--217
 [][] 
 []

<C:/Users/aalbon/AppData/Local/Temp/RtmpyoxSdE/file1f2859521576_files/figure-latex/bar_chart_vuln2-1.pdf, id=90, 469.755pt x 325.215pt>
File: C:/Users/aalbon/AppData/Local/Temp/RtmpyoxSdE/file1f2859521576_files/figure-latex/bar_chart_vuln2-1.pdf Graphic file (type pdf)
<use C:/Users/aalbon/AppData/Local/Temp/RtmpyoxSdE/file1f2859521576_files/figure-latex/bar_chart_vuln2-1.pdf>
Package pdftex.def Info: C:/Users/aalbon/AppData/Local/Temp/RtmpyoxSdE/file1f2859521576_files/figure-latex/bar_chart_vuln2-1.pdf  used on input line 233.
(pdftex.def)             Requested size: 164.41672pt x 113.82695pt.
<C:/Users/aalbon/AppData/Local/Temp/RtmpyoxSdE/file1f2859521576_files/figure-latex/bar_chart_vuln2-2.pdf, id=91, 469.755pt x 325.215pt>
File: C:/Users/aalbon/AppData/Local/Temp/RtmpyoxSdE/file1f2859521576_files/figure-latex/bar_chart_vuln2-2.pdf Graphic file (type pdf)
<use C:/Users/aalbon/AppData/Local/Temp/RtmpyoxSdE/file1f2859521576_files/figure-latex/bar_chart_vuln2-2.pdf>
Package pdftex.def Info: C:/Users/aalbon/AppData/Local/Temp/RtmpyoxSdE/file1f2859521576_files/figure-latex/bar_chart_vuln2-2.pdf  used on input line 234.
(pdftex.def)             Requested size: 164.41672pt x 113.82695pt.
<C:/Users/aalbon/AppData/Local/Temp/RtmpyoxSdE/file1f2859521576_files/figure-latex/bar_chart_vuln2-3.pdf, id=92, 469.755pt x 325.215pt>
File: C:/Users/aalbon/AppData/Local/Temp/RtmpyoxSdE/file1f2859521576_files/figure-latex/bar_chart_vuln2-3.pdf Graphic file (type pdf)
<use C:/Users/aalbon/AppData/Local/Temp/RtmpyoxSdE/file1f2859521576_files/figure-latex/bar_chart_vuln2-3.pdf>
Package pdftex.def Info: C:/Users/aalbon/AppData/Local/Temp/RtmpyoxSdE/file1f2859521576_files/figure-latex/bar_chart_vuln2-3.pdf  used on input line 235.
(pdftex.def)             Requested size: 164.41672pt x 113.82695pt.

Overfull \hbox (28.58311pt too wide) in paragraph at lines 233--236
[][] [] [] 
 []


Package fancyhdr Warning: \headheight is too small (12.0pt): 
(fancyhdr)                Make it at least 14.49998pt, for example:
(fancyhdr)                \setlength{\headheight}{14.49998pt}.
(fancyhdr)                You might also make \topmargin smaller to compensate:
(fancyhdr)                \addtolength{\topmargin}{-2.49998pt}.

[3 <c:/Users/aalbon/AppData/Local/Temp/RtmpyoxSdE/file1f2859521576_files/figure-latex/bar_chart_vuln-1.pdf> <c:/Users/aalbon/AppData/Local/Temp/RtmpyoxSdE/file1f2859521576_files/figure-latex/bar_chart_vuln2-1.pdf> <c:/Users/aalbon/AppData/Local/Temp/RtmpyoxSdE/file1f2859521576_files/figure-latex/bar_chart_vuln2-2.pdf> <c:/Users/aalbon/AppData/Local/Temp/RtmpyoxSdE/file1f2859521576_files/figure-latex/bar_chart_vuln2-3.pdf>]
<C:/Users/aalbon/AppData/Local/Temp/RtmpyoxSdE/file1f2859521576_files/figure-latex/part_guage-1.pdf, id=119, 863.225pt x 301.125pt>
File: C:/Users/aalbon/AppData/Local/Temp/RtmpyoxSdE/file1f2859521576_files/figure-latex/part_guage-1.pdf Graphic file (type pdf)
<use C:/Users/aalbon/AppData/Local/Temp/RtmpyoxSdE/file1f2859521576_files/figure-latex/part_guage-1.pdf>
Package pdftex.def Info: C:/Users/aalbon/AppData/Local/Temp/RtmpyoxSdE/file1f2859521576_files/figure-latex/part_guage-1.pdf  used on input line 246.
(pdftex.def)             Requested size: 587.20917pt x 204.8404pt.

Overfull \hbox (117.45415pt too wide) in paragraph at lines 246--247
[] 
 []

<C:/Users/aalbon/AppData/Local/Temp/RtmpyoxSdE/file1f2859521576_files/figure-latex/part_bar-1.pdf, id=120, 469.755pt x 325.215pt>
File: C:/Users/aalbon/AppData/Local/Temp/RtmpyoxSdE/file1f2859521576_files/figure-latex/part_bar-1.pdf Graphic file (type pdf)
<use C:/Users/aalbon/AppData/Local/Temp/RtmpyoxSdE/file1f2859521576_files/figure-latex/part_bar-1.pdf>
Package pdftex.def Info: C:/Users/aalbon/AppData/Local/Temp/RtmpyoxSdE/file1f2859521576_files/figure-latex/part_bar-1.pdf  used on input line 275.
(pdftex.def)             Requested size: 234.87692pt x 162.6071pt.
<C:/Users/aalbon/AppData/Local/Temp/RtmpyoxSdE/file1f2859521576_files/figure-latex/gauge_chart_Sept_Guar-1.pdf, id=121, 863.225pt x 301.125pt>
File: C:/Users/aalbon/AppData/Local/Temp/RtmpyoxSdE/file1f2859521576_files/figure-latex/gauge_chart_Sept_Guar-1.pdf Graphic file (type pdf)
<use C:/Users/aalbon/AppData/Local/Temp/RtmpyoxSdE/file1f2859521576_files/figure-latex/gauge_chart_Sept_Guar-1.pdf>
Package pdftex.def Info: C:/Users/aalbon/AppData/Local/Temp/RtmpyoxSdE/file1f2859521576_files/figure-latex/gauge_chart_Sept_Guar-1.pdf  used on input line 281.
(pdftex.def)             Requested size: 587.20917pt x 204.8404pt.

Overfull \hbox (117.45415pt too wide) in paragraph at lines 281--282
[] 
 []


Package fancyhdr Warning: \headheight is too small (12.0pt): 
(fancyhdr)                Make it at least 14.49998pt, for example:
(fancyhdr)                \setlength{\headheight}{14.49998pt}.
(fancyhdr)                You might also make \topmargin smaller to compensate:
(fancyhdr)                \addtolength{\topmargin}{-2.49998pt}.

[4 <c:/Users/aalbon/AppData/Local/Temp/RtmpyoxSdE/file1f2859521576_files/figure-latex/part_guage-1.pdf> <c:/Users/aalbon/AppData/Local/Temp/RtmpyoxSdE/file1f2859521576_files/figure-latex/part_bar-1.pdf>]

Package fancyhdr Warning: \headheight is too small (12.0pt): 
(fancyhdr)                Make it at least 14.49998pt, for example:
(fancyhdr)                \setlength{\headheight}{14.49998pt}.
(fancyhdr)                You might also make \topmargin smaller to compensate:
(fancyhdr)                \addtolength{\topmargin}{-2.49998pt}.

[5 <c:/Users/aalbon/AppData/Local/Temp/RtmpyoxSdE/file1f2859521576_files/figure-latex/gauge_chart_Sept_Guar-1.pdf>]

Package hyperref Warning: Difference (2) between bookmark levels is greater 
(hyperref)                than one, level fixed on input line 313.

<C:/Users/aalbon/AppData/Local/Temp/RtmpyoxSdE/file1f2859521576_files/figure-latex/bar_chart_contextual1-1.pdf, id=160, 469.755pt x 325.215pt>
File: C:/Users/aalbon/AppData/Local/Temp/RtmpyoxSdE/file1f2859521576_files/figure-latex/bar_chart_contextual1-1.pdf Graphic file (type pdf)
<use C:/Users/aalbon/AppData/Local/Temp/RtmpyoxSdE/file1f2859521576_files/figure-latex/bar_chart_contextual1-1.pdf>
Package pdftex.def Info: C:/Users/aalbon/AppData/Local/Temp/RtmpyoxSdE/file1f2859521576_files/figure-latex/bar_chart_contextual1-1.pdf  used on input line 315.
(pdftex.def)             Requested size: 234.87692pt x 162.6071pt.
<C:/Users/aalbon/AppData/Local/Temp/RtmpyoxSdE/file1f2859521576_files/figure-latex/bar_chart_contextual1-2.pdf, id=161, 469.755pt x 325.215pt>
File: C:/Users/aalbon/AppData/Local/Temp/RtmpyoxSdE/file1f2859521576_files/figure-latex/bar_chart_contextual1-2.pdf Graphic file (type pdf)
<use C:/Users/aalbon/AppData/Local/Temp/RtmpyoxSdE/file1f2859521576_files/figure-latex/bar_chart_contextual1-2.pdf>
Package pdftex.def Info: C:/Users/aalbon/AppData/Local/Temp/RtmpyoxSdE/file1f2859521576_files/figure-latex/bar_chart_contextual1-2.pdf  used on input line 316.
(pdftex.def)             Requested size: 234.87692pt x 162.6071pt.

Overfull \hbox (2.54282pt too wide) in paragraph at lines 315--317
[] [] 
 []

<C:/Users/aalbon/AppData/Local/Temp/RtmpyoxSdE/file1f2859521576_files/figure-latex/bar_chart_contextual2-1.pdf, id=162, 469.755pt x 325.215pt>
File: C:/Users/aalbon/AppData/Local/Temp/RtmpyoxSdE/file1f2859521576_files/figure-latex/bar_chart_contextual2-1.pdf Graphic file (type pdf)
<use C:/Users/aalbon/AppData/Local/Temp/RtmpyoxSdE/file1f2859521576_files/figure-latex/bar_chart_contextual2-1.pdf>
Package pdftex.def Info: C:/Users/aalbon/AppData/Local/Temp/RtmpyoxSdE/file1f2859521576_files/figure-latex/bar_chart_contextual2-1.pdf  used on input line 321.
(pdftex.def)             Requested size: 234.87692pt x 162.6071pt.
<C:/Users/aalbon/AppData/Local/Temp/RtmpyoxSdE/file1f2859521576_files/figure-latex/bar_chart_contextual2-2.pdf, id=163, 469.755pt x 325.215pt>
File: C:/Users/aalbon/AppData/Local/Temp/RtmpyoxSdE/file1f2859521576_files/figure-latex/bar_chart_contextual2-2.pdf Graphic file (type pdf)
<use C:/Users/aalbon/AppData/Local/Temp/RtmpyoxSdE/file1f2859521576_files/figure-latex/bar_chart_contextual2-2.pdf>
Package pdftex.def Info: C:/Users/aalbon/AppData/Local/Temp/RtmpyoxSdE/file1f2859521576_files/figure-latex/bar_chart_contextual2-2.pdf  used on input line 322.
(pdftex.def)             Requested size: 234.87692pt x 162.6071pt.

Overfull \hbox (2.54282pt too wide) in paragraph at lines 321--323
[] [] 
 []

<C:/Users/aalbon/AppData/Local/Temp/RtmpyoxSdE/file1f2859521576_files/figure-latex/bar_chart_contextual3-1.pdf, id=164, 469.755pt x 325.215pt>
File: C:/Users/aalbon/AppData/Local/Temp/RtmpyoxSdE/file1f2859521576_files/figure-latex/bar_chart_contextual3-1.pdf Graphic file (type pdf)
<use C:/Users/aalbon/AppData/Local/Temp/RtmpyoxSdE/file1f2859521576_files/figure-latex/bar_chart_contextual3-1.pdf>
Package pdftex.def Info: C:/Users/aalbon/AppData/Local/Temp/RtmpyoxSdE/file1f2859521576_files/figure-latex/bar_chart_contextual3-1.pdf  used on input line 327.
(pdftex.def)             Requested size: 234.87692pt x 162.6071pt.
<C:/Users/aalbon/AppData/Local/Temp/RtmpyoxSdE/file1f2859521576_files/figure-latex/bar_chart_contextual3-2.pdf, id=165, 469.755pt x 325.215pt>
File: C:/Users/aalbon/AppData/Local/Temp/RtmpyoxSdE/file1f2859521576_files/figure-latex/bar_chart_contextual3-2.pdf Graphic file (type pdf)
<use C:/Users/aalbon/AppData/Local/Temp/RtmpyoxSdE/file1f2859521576_files/figure-latex/bar_chart_contextual3-2.pdf>
Package pdftex.def Info: C:/Users/aalbon/AppData/Local/Temp/RtmpyoxSdE/file1f2859521576_files/figure-latex/bar_chart_contextual3-2.pdf  used on input line 328.
(pdftex.def)             Requested size: 234.87692pt x 162.6071pt.

Overfull \hbox (2.54282pt too wide) in paragraph at lines 327--329
[] [] 
 []


Package fancyhdr Warning: \headheight is too small (12.0pt): 
(fancyhdr)                Make it at least 14.49998pt, for example:
(fancyhdr)                \setlength{\headheight}{14.49998pt}.
(fancyhdr)                You might also make \topmargin smaller to compensate:
(fancyhdr)                \addtolength{\topmargin}{-2.49998pt}.

[6 <c:/Users/aalbon/AppData/Local/Temp/RtmpyoxSdE/file1f2859521576_files/figure-latex/bar_chart_contextual1-1.pdf> <c:/Users/aalbon/AppData/Local/Temp/RtmpyoxSdE/file1f2859521576_files/figure-latex/bar_chart_contextual1-2.pdf> <c:/Users/aalbon/AppData/Local/Temp/RtmpyoxSdE/file1f2859521576_files/figure-latex/bar_chart_contextual2-1.pdf> <c:/Users/aalbon/AppData/Local/Temp/RtmpyoxSdE/file1f2859521576_files/figure-latex/bar_chart_contextual2-2.pdf>]

Package fancyhdr Warning: \headheight is too small (12.0pt): 
(fancyhdr)                Make it at least 14.49998pt, for example:
(fancyhdr)                \setlength{\headheight}{14.49998pt}.
(fancyhdr)                You might also make \topmargin smaller to compensate:
(fancyhdr)                \addtolength{\topmargin}{-2.49998pt}.

[7 <c:/Users/aalbon/AppData/Local/Temp/RtmpyoxSdE/file1f2859521576_files/figure-latex/bar_chart_contextual3-1.pdf> <c:/Users/aalbon/AppData/Local/Temp/RtmpyoxSdE/file1f2859521576_files/figure-latex/bar_chart_contextual3-2.pdf>] (./file1f2859521576.aux)
Package rerunfilecheck Info: File `file1f2859521576.out' has not changed.
(rerunfilecheck)             Checksum: 37C763A22C7D789A49288C29D8BE0696;2038.
 ) 
Here is how much of TeX's memory you used:
 23891 strings out of 476931
 460298 string characters out of 5823764
 774230 words of memory out of 5000000
 44681 multiletter control sequences out of 15000+600000
 502550 words of font info for 51 fonts, out of 8000000 for 9000
 14 hyphenation exceptions out of 8191
 83i,11n,80p,495b,598s stack positions out of 10000i,1000n,20000p,200000b,200000s
{c:/Users/aalbon/AppData/Roaming/TinyTeX/texmf-dist/fonts/enc/dvips/base/8r.enc}{c:/Users/aalbon/AppData/Roaming/TinyTeX/texmf-dist/fonts/enc/dvips/lm/lm-ec.enc}<c:/Users/aalbon/AppData/Roaming/TinyTeX/texmf-dist/fonts/type1/public/lm/lmr12.pfb><c:/Users/aalbon/AppData/Roaming/TinyTeX/texmf-dist/fonts/type1/urw/helvetic/uhvb8a.pfb><c:/Users/aalbon/AppData/Roaming/TinyTeX/texmf-dist/fonts/type1/urw/helvetic/uhvr8a.pfb><c:/Users/aalbon/AppData/Roaming/TinyTeX/texmf-dist/fonts/type1/urw/helvetic/uhvro8a.pfb>
Output written on file1f2859521576.pdf (7 pages, 178922 bytes).
PDF statistics:
 239 PDF objects out of 1000 (max. 8388607)
 184 compressed objects within 2 object streams
 30 named destinations out of 1000 (max. 500000)
 181 words of extra memory for PDF output out of 10000 (max. 10000000)

